<?xml version="1.0" encoding="UTF-8"?>
<!-- Generated by org.testng.reporters.JUnitReportReporter -->
<testsuite hostname="WRN-SAHNED2" failures="0" tests="1" name="Tests.InvalidUserLoginTest$InValidUserLoginTests" time="9.125" errors="0" timestamp="2022-03-03T17:48:31 EST" skipped="0">
  <testcase classname="Tests.InvalidUserLoginTest$InValidUserLoginTests" name="InvalidUserLoginTest" time="9.125"/>
  <system-out/>
</testsuite> <!-- Tests.InvalidUserLoginTest$InValidUserLoginTests -->
