<?xml version="1.0" encoding="UTF-8"?>
<!-- Generated by org.testng.reporters.JUnitReportReporter -->
<testsuite hostname="WRN-SAHNED2" failures="0" tests="1" name="Tests.ValidUserLoginTests" time="46.789" errors="0" timestamp="2022-03-03T17:48:31 EST" skipped="0">
  <testcase classname="Tests.ValidUserLoginTests" name="ValidUserLoginTest" time="46.789"/>
  <system-out/>
</testsuite> <!-- Tests.ValidUserLoginTests -->
