<?xml version="1.0" encoding="UTF-8"?>
<!-- Generated by org.testng.reporters.JUnitReportReporter -->
<testsuite hostname="WRN-SAHNED2" failures="0" tests="1" name="Tests.DbTest" time="63.387" errors="0" timestamp="2022-03-02T18:25:15 EST" skipped="0">
  <testcase classname="Tests.DbTest" name="dbTest" time="63.387"/>
  <system-out/>
</testsuite> <!-- Tests.DbTest -->
