<?xml version="1.0" encoding="UTF-8"?>
<!-- Generated by org.testng.reporters.JUnitReportReporter -->
<testsuite skipped="0" hostname="WRN-SAHNED2" name="Tests.ValidUserLoginTests" tests="3" failures="0" timestamp="2022-03-30T11:15:01 EDT" time="142.731" errors="0">
  <testcase name="ValidUserLoginTest" time="48.162" classname="Tests.ValidUserLoginTests"/>
  <system-out/>
  <testcase name="ValidUserLoginTest" time="48.282" classname="Tests.ValidUserLoginTests"/>
  <system-out/>
  <testcase name="ValidUserLoginTest" time="46.287" classname="Tests.ValidUserLoginTests"/>
  <system-out/>
</testsuite> <!-- Tests.ValidUserLoginTests -->
