<?xml version="1.0" encoding="UTF-8"?>
<!-- Generated by org.testng.reporters.JUnitReportReporter -->
<testsuite skipped="0" hostname="WRN-SAHNED2" name="Tests.InvalidUserLoginTest$InValidUserLoginTests" tests="3" failures="0" timestamp="2022-03-30T11:15:01 EDT" time="36.477" errors="0">
  <testcase name="InvalidUserLoginTest" time="13.616" classname="Tests.InvalidUserLoginTest$InValidUserLoginTests"/>
  <system-out/>
  <testcase name="InvalidUserLoginTest" time="10.712" classname="Tests.InvalidUserLoginTest$InValidUserLoginTests"/>
  <system-out/>
  <testcase name="InvalidUserLoginTest" time="12.149" classname="Tests.InvalidUserLoginTest$InValidUserLoginTests"/>
  <system-out/>
</testsuite> <!-- Tests.InvalidUserLoginTest$InValidUserLoginTests -->
